INFO 2024-04-03 08:57:46,588 autoreload 13840 9552 Watching for file changes with StatReloader
INFO 2024-04-03 08:57:55,715 views 13840 10016 Index page requested.
INFO 2024-04-03 08:57:55,717 basehttp 13840 10016 "GET / HTTP/1.1" 200 208
WARNING 2024-04-03 08:57:55,927 log 13840 10016 Not Found: /favicon.ico
INFO 2024-04-03 08:57:55,928 basehttp 13840 10016 - Broken pipe from ('127.0.0.1', 58665)
INFO 2024-04-03 08:58:09,822 views 13840 10280 About page requested.
INFO 2024-04-03 08:58:09,824 basehttp 13840 10280 "GET /about/ HTTP/1.1" 200 526
WARNING 2024-04-03 08:58:09,952 log 13840 10280 Not Found: /favicon.ico
INFO 2024-04-03 08:58:09,953 basehttp 13840 10280 - Broken pipe from ('127.0.0.1', 58681)
INFO 2024-04-03 08:59:41,215 autoreload 8516 15188 Watching for file changes with StatReloader
INFO 2024-04-03 08:59:45,034 views 8516 14480 Index page requested.
INFO 2024-04-03 08:59:45,036 basehttp 8516 14480 "GET / HTTP/1.1" 200 208
WARNING 2024-04-03 08:59:45,220 log 8516 14480 Not Found: /favicon.ico
INFO 2024-04-03 08:59:45,221 basehttp 8516 14480 - Broken pipe from ('127.0.0.1', 58730)
INFO 2024-04-03 09:00:02,356 views 8516 7944 About page requested.
INFO 2024-04-03 09:00:02,357 basehttp 8516 7944 "GET /about/ HTTP/1.1" 200 526
WARNING 2024-04-03 09:00:02,486 log 8516 7944 Not Found: /favicon.ico
INFO 2024-04-03 09:00:02,487 basehttp 8516 7944 - Broken pipe from ('127.0.0.1', 58734)
INFO 2024-04-04 09:49:10,653 autoreload 13584 11284 Watching for file changes with StatReloader
INFO 2024-04-04 10:00:33,330 autoreload 13608 1444 Watching for file changes with StatReloader
INFO 2024-04-07 03:00:14,915 autoreload 9832 11792 Watching for file changes with StatReloader
INFO 2024-04-07 03:00:19,538 views 9832 13120 Index page requested.
INFO 2024-04-07 03:00:19,539 basehttp 9832 13120 "GET / HTTP/1.1" 200 208
ERROR 2024-04-07 03:00:33,696 log 9832 13120 Internal Server Error: /2
Traceback (most recent call last):
  File "E:\3_SPEC-TION\3_Django_Homeworks\venv\Lib\site-packages\django\core\handlers\exception.py", line 55, in inner
    response = get_response(request)
               ^^^^^^^^^^^^^^^^^^^^^
  File "E:\3_SPEC-TION\3_Django_Homeworks\venv\Lib\site-packages\django\core\handlers\base.py", line 197, in _get_response
    response = wrapped_callback(request, *callback_args, **callback_kwargs)
               ^^^^^^^^^^^^^^^^^^^^^^^^^^^^^^^^^^^^^^^^^^^^^^^^^^^^^^^^^^^^
  File "E:\3_SPEC-TION\3_Django_Homeworks\myproject\myapp2\views.py", line 13, in index
    return render(request, 'myapp2/index.html')
           ^^^^^^^^^^^^^^^^^^^^^^^^^^^^^^^^^^^^
  File "E:\3_SPEC-TION\3_Django_Homeworks\venv\Lib\site-packages\django\shortcuts.py", line 25, in render
    content = loader.render_to_string(template_name, context, request, using=using)
              ^^^^^^^^^^^^^^^^^^^^^^^^^^^^^^^^^^^^^^^^^^^^^^^^^^^^^^^^^^^^^^^^^^^^^
  File "E:\3_SPEC-TION\3_Django_Homeworks\venv\Lib\site-packages\django\template\loader.py", line 62, in render_to_string
    return template.render(context, request)
           ^^^^^^^^^^^^^^^^^^^^^^^^^^^^^^^^^
  File "E:\3_SPEC-TION\3_Django_Homeworks\venv\Lib\site-packages\django\template\backends\django.py", line 61, in render
    return self.template.render(context)
           ^^^^^^^^^^^^^^^^^^^^^^^^^^^^^
  File "E:\3_SPEC-TION\3_Django_Homeworks\venv\Lib\site-packages\django\template\base.py", line 171, in render
    return self._render(context)
           ^^^^^^^^^^^^^^^^^^^^^
  File "E:\3_SPEC-TION\3_Django_Homeworks\venv\Lib\site-packages\django\template\base.py", line 163, in _render
    return self.nodelist.render(context)
           ^^^^^^^^^^^^^^^^^^^^^^^^^^^^^
  File "E:\3_SPEC-TION\3_Django_Homeworks\venv\Lib\site-packages\django\template\base.py", line 1000, in render
    return SafeString("".join([node.render_annotated(context) for node in self]))
                              ^^^^^^^^^^^^^^^^^^^^^^^^^^^^^^^^^^^^^^^^^^^^^^^^^
  File "E:\3_SPEC-TION\3_Django_Homeworks\venv\Lib\site-packages\django\template\base.py", line 1000, in <listcomp>
    return SafeString("".join([node.render_annotated(context) for node in self]))
                               ^^^^^^^^^^^^^^^^^^^^^^^^^^^^^^
  File "E:\3_SPEC-TION\3_Django_Homeworks\venv\Lib\site-packages\django\template\base.py", line 961, in render_annotated
    return self.render(context)
           ^^^^^^^^^^^^^^^^^^^^
  File "E:\3_SPEC-TION\3_Django_Homeworks\venv\Lib\site-packages\django\template\loader_tags.py", line 134, in render
    compiled_parent = self.get_parent(context)
                      ^^^^^^^^^^^^^^^^^^^^^^^^
  File "E:\3_SPEC-TION\3_Django_Homeworks\venv\Lib\site-packages\django\template\loader_tags.py", line 131, in get_parent
    return self.find_template(parent, context)
           ^^^^^^^^^^^^^^^^^^^^^^^^^^^^^^^^^^^
  File "E:\3_SPEC-TION\3_Django_Homeworks\venv\Lib\site-packages\django\template\loader_tags.py", line 109, in find_template
    template, origin = context.template.engine.find_template(
                       ^^^^^^^^^^^^^^^^^^^^^^^^^^^^^^^^^^^^^^
  File "E:\3_SPEC-TION\3_Django_Homeworks\venv\Lib\site-packages\django\template\engine.py", line 159, in find_template
    template = loader.get_template(name, skip=skip)
               ^^^^^^^^^^^^^^^^^^^^^^^^^^^^^^^^^^^^
  File "E:\3_SPEC-TION\3_Django_Homeworks\venv\Lib\site-packages\django\template\loaders\cached.py", line 57, in get_template
    template = super().get_template(template_name, skip)
               ^^^^^^^^^^^^^^^^^^^^^^^^^^^^^^^^^^^^^^^^^
  File "E:\3_SPEC-TION\3_Django_Homeworks\venv\Lib\site-packages\django\template\loaders\base.py", line 28, in get_template
    return Template(
           ^^^^^^^^^
  File "E:\3_SPEC-TION\3_Django_Homeworks\venv\Lib\site-packages\django\template\base.py", line 154, in __init__
    self.nodelist = self.compile_nodelist()
                    ^^^^^^^^^^^^^^^^^^^^^^^
  File "E:\3_SPEC-TION\3_Django_Homeworks\venv\Lib\site-packages\django\template\base.py", line 196, in compile_nodelist
    return parser.parse()
           ^^^^^^^^^^^^^^
  File "E:\3_SPEC-TION\3_Django_Homeworks\venv\Lib\site-packages\django\template\base.py", line 481, in parse
    raise self.error(token, e)
  File "E:\3_SPEC-TION\3_Django_Homeworks\venv\Lib\site-packages\django\template\base.py", line 479, in parse
    filter_expression = self.compile_filter(token.contents)
                        ^^^^^^^^^^^^^^^^^^^^^^^^^^^^^^^^^^^
  File "E:\3_SPEC-TION\3_Django_Homeworks\venv\Lib\site-packages\django\template\base.py", line 597, in compile_filter
    return FilterExpression(token, self)
           ^^^^^^^^^^^^^^^^^^^^^^^^^^^^^
  File "E:\3_SPEC-TION\3_Django_Homeworks\venv\Lib\site-packages\django\template\base.py", line 698, in __init__
    raise TemplateSyntaxError(
django.template.exceptions.TemplateSyntaxError: Could not parse the remainder: '('static', filename='css/bootstrap.min.css')' from 'url_for('static', filename='css/bootstrap.min.css')'
ERROR 2024-04-07 03:00:33,710 basehttp 9832 13120 "GET /2 HTTP/1.1" 500 164485
INFO 2024-04-07 03:04:43,540 basehttp 9832 9752 "GET /2 HTTP/1.1" 200 531
WARNING 2024-04-07 03:04:43,624 log 9832 9752 Not Found: /favicon.ico
INFO 2024-04-07 03:04:43,625 basehttp 9832 9752 - Broken pipe from ('127.0.0.1', 53559)
INFO 2024-04-07 03:05:58,640 autoreload 9720 14196 Watching for file changes with StatReloader
INFO 2024-04-07 03:06:13,701 views 9720 13008 Index page requested.
INFO 2024-04-07 03:06:13,703 basehttp 9720 13008 "GET / HTTP/1.1" 200 208
WARNING 2024-04-07 03:06:13,842 log 9720 13008 Not Found: /favicon.ico
INFO 2024-04-07 03:06:13,843 basehttp 9720 13008 - Broken pipe from ('127.0.0.1', 53569)
INFO 2024-04-07 03:06:22,825 basehttp 9720 1720 "GET /2 HTTP/1.1" 200 531
WARNING 2024-04-07 03:06:22,922 log 9720 1720 Not Found: /favicon.ico
INFO 2024-04-07 03:06:22,923 basehttp 9720 1720 - Broken pipe from ('127.0.0.1', 53570)
INFO 2024-04-10 09:16:26,117 autoreload 13796 16076 Watching for file changes with StatReloader
INFO 2024-04-10 09:16:31,051 views 13796 10740 Index page requested.
INFO 2024-04-10 09:16:31,052 basehttp 13796 10740 "GET / HTTP/1.1" 200 208
INFO 2024-04-10 09:16:50,696 basehttp 13796 10740 "GET /shop HTTP/1.1" 200 531
WARNING 2024-04-10 09:17:33,362 log 13796 10740 Not Found: /shop/product_form/2
WARNING 2024-04-10 09:17:33,363 basehttp 13796 10740 "GET /shop/product_form/2 HTTP/1.1" 404 3290
INFO 2024-04-10 09:20:37,236 autoreload 13796 16076 E:\3_SPEC-TION\3_Django_Homeworks\myproject\myapp2\views.py changed, reloading.
INFO 2024-04-10 09:20:39,067 autoreload 16056 8888 Watching for file changes with StatReloader
INFO 2024-04-10 09:20:48,878 views 16056 13748 Index page requested.
INFO 2024-04-10 09:20:48,880 basehttp 16056 13748 "GET / HTTP/1.1" 200 208
WARNING 2024-04-10 09:20:49,061 log 16056 13748 Not Found: /favicon.ico
INFO 2024-04-10 09:20:49,062 basehttp 16056 13748 - Broken pipe from ('127.0.0.1', 52770)
WARNING 2024-04-10 09:21:28,036 log 16056 17220 Not Found: /shop/product_form/2
WARNING 2024-04-10 09:21:28,038 basehttp 16056 17220 "GET /shop/product_form/2 HTTP/1.1" 404 3290
WARNING 2024-04-10 09:21:28,135 log 16056 17220 Not Found: /favicon.ico
INFO 2024-04-10 09:21:28,136 basehttp 16056 17220 - Broken pipe from ('127.0.0.1', 52774)
INFO 2024-04-10 09:22:44,158 autoreload 16056 8888 E:\3_SPEC-TION\3_Django_Homeworks\myproject\myproject\urls.py changed, reloading.
INFO 2024-04-10 09:22:45,980 autoreload 11732 1240 Watching for file changes with StatReloader
INFO 2024-04-10 09:22:55,275 basehttp 11732 7528 "GET /shop/product_form/2 HTTP/1.1" 301 0
INFO 2024-04-10 09:22:55,326 basehttp 11732 5212 "GET /shop/product_form/2/ HTTP/1.1" 200 1688
ERROR 2024-04-10 09:30:06,627 log 11732 9080 Internal Server Error: /shop/product_form/2/
Traceback (most recent call last):
  File "E:\3_SPEC-TION\3_Django_Homeworks\venv\Lib\site-packages\django\db\backends\utils.py", line 105, in _execute
    return self.cursor.execute(sql, params)
           ^^^^^^^^^^^^^^^^^^^^^^^^^^^^^^^^
  File "E:\3_SPEC-TION\3_Django_Homeworks\venv\Lib\site-packages\django\db\backends\sqlite3\base.py", line 329, in execute
    return super().execute(query, params)
           ^^^^^^^^^^^^^^^^^^^^^^^^^^^^^^
sqlite3.OperationalError: database is locked

The above exception was the direct cause of the following exception:

Traceback (most recent call last):
  File "E:\3_SPEC-TION\3_Django_Homeworks\venv\Lib\site-packages\django\core\handlers\exception.py", line 55, in inner
    response = get_response(request)
               ^^^^^^^^^^^^^^^^^^^^^
  File "E:\3_SPEC-TION\3_Django_Homeworks\venv\Lib\site-packages\django\core\handlers\base.py", line 197, in _get_response
    response = wrapped_callback(request, *callback_args, **callback_kwargs)
               ^^^^^^^^^^^^^^^^^^^^^^^^^^^^^^^^^^^^^^^^^^^^^^^^^^^^^^^^^^^^
  File "E:\3_SPEC-TION\3_Django_Homeworks\myproject\myapp2\views.py", line 62, in product_form
    product.save()
  File "E:\3_SPEC-TION\3_Django_Homeworks\venv\Lib\site-packages\django\db\models\base.py", line 822, in save
    self.save_base(
  File "E:\3_SPEC-TION\3_Django_Homeworks\venv\Lib\site-packages\django\db\models\base.py", line 909, in save_base
    updated = self._save_table(
              ^^^^^^^^^^^^^^^^^
  File "E:\3_SPEC-TION\3_Django_Homeworks\venv\Lib\site-packages\django\db\models\base.py", line 1036, in _save_table
    updated = self._do_update(
              ^^^^^^^^^^^^^^^^
  File "E:\3_SPEC-TION\3_Django_Homeworks\venv\Lib\site-packages\django\db\models\base.py", line 1101, in _do_update
    return filtered._update(values) > 0
           ^^^^^^^^^^^^^^^^^^^^^^^^
  File "E:\3_SPEC-TION\3_Django_Homeworks\venv\Lib\site-packages\django\db\models\query.py", line 1278, in _update
    return query.get_compiler(self.db).execute_sql(CURSOR)
           ^^^^^^^^^^^^^^^^^^^^^^^^^^^^^^^^^^^^^^^^^^^^^^^
  File "E:\3_SPEC-TION\3_Django_Homeworks\venv\Lib\site-packages\django\db\models\sql\compiler.py", line 1990, in execute_sql
    cursor = super().execute_sql(result_type)
             ^^^^^^^^^^^^^^^^^^^^^^^^^^^^^^^^
  File "E:\3_SPEC-TION\3_Django_Homeworks\venv\Lib\site-packages\django\db\models\sql\compiler.py", line 1562, in execute_sql
    cursor.execute(sql, params)
  File "E:\3_SPEC-TION\3_Django_Homeworks\venv\Lib\site-packages\django\db\backends\utils.py", line 122, in execute
    return super().execute(sql, params)
           ^^^^^^^^^^^^^^^^^^^^^^^^^^^^
  File "E:\3_SPEC-TION\3_Django_Homeworks\venv\Lib\site-packages\django\db\backends\utils.py", line 79, in execute
    return self._execute_with_wrappers(
           ^^^^^^^^^^^^^^^^^^^^^^^^^^^^
  File "E:\3_SPEC-TION\3_Django_Homeworks\venv\Lib\site-packages\django\db\backends\utils.py", line 92, in _execute_with_wrappers
    return executor(sql, params, many, context)
           ^^^^^^^^^^^^^^^^^^^^^^^^^^^^^^^^^^^^
  File "E:\3_SPEC-TION\3_Django_Homeworks\venv\Lib\site-packages\django\db\backends\utils.py", line 100, in _execute
    with self.db.wrap_database_errors:
  File "E:\3_SPEC-TION\3_Django_Homeworks\venv\Lib\site-packages\django\db\utils.py", line 91, in __exit__
    raise dj_exc_value.with_traceback(traceback) from exc_value
  File "E:\3_SPEC-TION\3_Django_Homeworks\venv\Lib\site-packages\django\db\backends\utils.py", line 105, in _execute
    return self.cursor.execute(sql, params)
           ^^^^^^^^^^^^^^^^^^^^^^^^^^^^^^^^
  File "E:\3_SPEC-TION\3_Django_Homeworks\venv\Lib\site-packages\django\db\backends\sqlite3\base.py", line 329, in execute
    return super().execute(query, params)
           ^^^^^^^^^^^^^^^^^^^^^^^^^^^^^^
django.db.utils.OperationalError: database is locked
ERROR 2024-04-10 09:30:06,640 basehttp 11732 9080 "POST /shop/product_form/2/ HTTP/1.1" 500 163207
INFO 2024-04-10 09:33:22,842 autoreload 7660 9424 Watching for file changes with StatReloader
INFO 2024-04-10 09:33:29,780 views 7660 14144 Index page requested.
INFO 2024-04-10 09:33:29,783 basehttp 7660 14144 "GET / HTTP/1.1" 200 208
INFO 2024-04-10 09:33:29,931 views 7660 14144 Index page requested.
INFO 2024-04-10 09:33:29,932 basehttp 7660 14144 "GET / HTTP/1.1" 200 208
WARNING 2024-04-10 09:33:30,176 log 7660 14144 Not Found: /favicon.ico
INFO 2024-04-10 09:33:30,177 basehttp 7660 14144 - Broken pipe from ('127.0.0.1', 53108)
WARNING 2024-04-10 09:33:30,181 log 7660 3580 Not Found: /favicon.ico
INFO 2024-04-10 09:33:30,182 basehttp 7660 3580 - Broken pipe from ('127.0.0.1', 53109)
INFO 2024-04-10 09:35:14,666 basehttp 7660 15700 "GET /shop/product_form/2/ HTTP/1.1" 200 1688
ERROR 2024-04-10 09:36:25,043 log 7660 15700 Internal Server Error: /shop/product_form/2/
Traceback (most recent call last):
  File "E:\3_SPEC-TION\3_Django_Homeworks\venv\Lib\site-packages\django\db\backends\utils.py", line 105, in _execute
    return self.cursor.execute(sql, params)
           ^^^^^^^^^^^^^^^^^^^^^^^^^^^^^^^^
  File "E:\3_SPEC-TION\3_Django_Homeworks\venv\Lib\site-packages\django\db\backends\sqlite3\base.py", line 329, in execute
    return super().execute(query, params)
           ^^^^^^^^^^^^^^^^^^^^^^^^^^^^^^
sqlite3.OperationalError: database is locked

The above exception was the direct cause of the following exception:

Traceback (most recent call last):
  File "E:\3_SPEC-TION\3_Django_Homeworks\venv\Lib\site-packages\django\core\handlers\exception.py", line 55, in inner
    response = get_response(request)
               ^^^^^^^^^^^^^^^^^^^^^
  File "E:\3_SPEC-TION\3_Django_Homeworks\venv\Lib\site-packages\django\core\handlers\base.py", line 197, in _get_response
    response = wrapped_callback(request, *callback_args, **callback_kwargs)
               ^^^^^^^^^^^^^^^^^^^^^^^^^^^^^^^^^^^^^^^^^^^^^^^^^^^^^^^^^^^^
  File "E:\3_SPEC-TION\3_Django_Homeworks\myproject\myapp2\views.py", line 62, in product_form
    product.save()
  File "E:\3_SPEC-TION\3_Django_Homeworks\venv\Lib\site-packages\django\db\models\base.py", line 822, in save
    self.save_base(
  File "E:\3_SPEC-TION\3_Django_Homeworks\venv\Lib\site-packages\django\db\models\base.py", line 909, in save_base
    updated = self._save_table(
              ^^^^^^^^^^^^^^^^^
  File "E:\3_SPEC-TION\3_Django_Homeworks\venv\Lib\site-packages\django\db\models\base.py", line 1036, in _save_table
    updated = self._do_update(
              ^^^^^^^^^^^^^^^^
  File "E:\3_SPEC-TION\3_Django_Homeworks\venv\Lib\site-packages\django\db\models\base.py", line 1101, in _do_update
    return filtered._update(values) > 0
           ^^^^^^^^^^^^^^^^^^^^^^^^
  File "E:\3_SPEC-TION\3_Django_Homeworks\venv\Lib\site-packages\django\db\models\query.py", line 1278, in _update
    return query.get_compiler(self.db).execute_sql(CURSOR)
           ^^^^^^^^^^^^^^^^^^^^^^^^^^^^^^^^^^^^^^^^^^^^^^^
  File "E:\3_SPEC-TION\3_Django_Homeworks\venv\Lib\site-packages\django\db\models\sql\compiler.py", line 1990, in execute_sql
    cursor = super().execute_sql(result_type)
             ^^^^^^^^^^^^^^^^^^^^^^^^^^^^^^^^
  File "E:\3_SPEC-TION\3_Django_Homeworks\venv\Lib\site-packages\django\db\models\sql\compiler.py", line 1562, in execute_sql
    cursor.execute(sql, params)
  File "E:\3_SPEC-TION\3_Django_Homeworks\venv\Lib\site-packages\django\db\backends\utils.py", line 122, in execute
    return super().execute(sql, params)
           ^^^^^^^^^^^^^^^^^^^^^^^^^^^^
  File "E:\3_SPEC-TION\3_Django_Homeworks\venv\Lib\site-packages\django\db\backends\utils.py", line 79, in execute
    return self._execute_with_wrappers(
           ^^^^^^^^^^^^^^^^^^^^^^^^^^^^
  File "E:\3_SPEC-TION\3_Django_Homeworks\venv\Lib\site-packages\django\db\backends\utils.py", line 92, in _execute_with_wrappers
    return executor(sql, params, many, context)
           ^^^^^^^^^^^^^^^^^^^^^^^^^^^^^^^^^^^^
  File "E:\3_SPEC-TION\3_Django_Homeworks\venv\Lib\site-packages\django\db\backends\utils.py", line 100, in _execute
    with self.db.wrap_database_errors:
  File "E:\3_SPEC-TION\3_Django_Homeworks\venv\Lib\site-packages\django\db\utils.py", line 91, in __exit__
    raise dj_exc_value.with_traceback(traceback) from exc_value
  File "E:\3_SPEC-TION\3_Django_Homeworks\venv\Lib\site-packages\django\db\backends\utils.py", line 105, in _execute
    return self.cursor.execute(sql, params)
           ^^^^^^^^^^^^^^^^^^^^^^^^^^^^^^^^
  File "E:\3_SPEC-TION\3_Django_Homeworks\venv\Lib\site-packages\django\db\backends\sqlite3\base.py", line 329, in execute
    return super().execute(query, params)
           ^^^^^^^^^^^^^^^^^^^^^^^^^^^^^^
django.db.utils.OperationalError: database is locked
ERROR 2024-04-10 09:36:25,054 basehttp 7660 15700 "POST /shop/product_form/2/ HTTP/1.1" 500 153887
INFO 2024-04-11 08:13:26,214 autoreload 12764 7864 Watching for file changes with StatReloader
INFO 2024-04-11 08:13:44,779 views 12764 16360 Index page requested.
INFO 2024-04-11 08:13:44,780 basehttp 12764 16360 "GET / HTTP/1.1" 200 208
WARNING 2024-04-11 08:13:44,941 log 12764 16360 Not Found: /favicon.ico
INFO 2024-04-11 08:13:44,942 basehttp 12764 16360 - Broken pipe from ('127.0.0.1', 59801)
INFO 2024-04-11 08:14:10,733 basehttp 12764 10168 "GET /shop HTTP/1.1" 301 0
INFO 2024-04-11 08:14:10,755 basehttp 12764 1604 "GET /shop/ HTTP/1.1" 200 531
WARNING 2024-04-11 08:14:10,863 log 12764 1604 Not Found: /favicon.ico
INFO 2024-04-11 08:14:10,864 basehttp 12764 1604 - Broken pipe from ('127.0.0.1', 59818)
INFO 2024-04-11 08:15:22,808 basehttp 12764 15556 "GET /shop/product_form/2/ HTTP/1.1" 200 1688
ERROR 2024-04-11 08:17:06,908 log 12764 15556 Internal Server Error: /shop/product_form/2/
Traceback (most recent call last):
  File "E:\3_SPEC-TION\3_Django_Homeworks\venv\Lib\site-packages\django\core\handlers\exception.py", line 55, in inner
    response = get_response(request)
               ^^^^^^^^^^^^^^^^^^^^^
  File "E:\3_SPEC-TION\3_Django_Homeworks\venv\Lib\site-packages\django\core\handlers\base.py", line 197, in _get_response
    response = wrapped_callback(request, *callback_args, **callback_kwargs)
               ^^^^^^^^^^^^^^^^^^^^^^^^^^^^^^^^^^^^^^^^^^^^^^^^^^^^^^^^^^^^
  File "E:\3_SPEC-TION\3_Django_Homeworks\myproject\myapp2\views.py", line 64, in product_form
    return redirect("product", id_product=product.id)
           ^^^^^^^^^^^^^^^^^^^^^^^^^^^^^^^^^^^^^^^^^^
  File "E:\3_SPEC-TION\3_Django_Homeworks\venv\Lib\site-packages\django\shortcuts.py", line 49, in redirect
    return redirect_class(resolve_url(to, *args, **kwargs))
                          ^^^^^^^^^^^^^^^^^^^^^^^^^^^^^^^^
  File "E:\3_SPEC-TION\3_Django_Homeworks\venv\Lib\site-packages\django\shortcuts.py", line 180, in resolve_url
    return reverse(to, args=args, kwargs=kwargs)
           ^^^^^^^^^^^^^^^^^^^^^^^^^^^^^^^^^^^^^
  File "E:\3_SPEC-TION\3_Django_Homeworks\venv\Lib\site-packages\django\urls\base.py", line 88, in reverse
    return resolver._reverse_with_prefix(view, prefix, *args, **kwargs)
           ^^^^^^^^^^^^^^^^^^^^^^^^^^^^^^^^^^^^^^^^^^^^^^^^^^^^^^^^^^^^
  File "E:\3_SPEC-TION\3_Django_Homeworks\venv\Lib\site-packages\django\urls\resolvers.py", line 851, in _reverse_with_prefix
    raise NoReverseMatch(msg)
django.urls.exceptions.NoReverseMatch: Reverse for 'product' not found. 'product' is not a valid view function or pattern name.
ERROR 2024-04-11 08:17:06,914 basehttp 12764 15556 "POST /shop/product_form/2/ HTTP/1.1" 500 86474
INFO 2024-04-11 09:07:22,098 autoreload 14288 14392 Watching for file changes with StatReloader
INFO 2024-04-11 09:07:27,051 views 14288 300 Index page requested.
INFO 2024-04-11 09:07:27,056 basehttp 14288 300 "GET / HTTP/1.1" 200 208
WARNING 2024-04-11 09:07:27,222 log 14288 300 Not Found: /favicon.ico
INFO 2024-04-11 09:07:27,223 basehttp 14288 300 - Broken pipe from ('127.0.0.1', 60427)
INFO 2024-04-11 09:07:52,794 basehttp 14288 11484 "GET /shop/ HTTP/1.1" 200 531
WARNING 2024-04-11 09:07:52,910 log 14288 11484 Not Found: /favicon.ico
INFO 2024-04-11 09:07:52,912 basehttp 14288 11484 - Broken pipe from ('127.0.0.1', 60437)
INFO 2024-04-11 09:08:23,773 basehttp 14288 13804 "GET /shop/products HTTP/1.1" 301 0
INFO 2024-04-11 09:08:23,814 basehttp 14288 14516 "GET /shop/products/ HTTP/1.1" 200 2819
INFO 2024-04-11 09:10:34,543 basehttp 14288 10724 "GET /shop/product_form/2/ HTTP/1.1" 200 1684
INFO 2024-04-11 09:11:44,028 basehttp 14288 10724 "POST /shop/product_form/2/ HTTP/1.1" 302 0
INFO 2024-04-11 09:11:44,040 basehttp 14288 10724 "GET /shop/product/2 HTTP/1.1" 200 657
WARNING 2024-04-11 09:11:44,151 log 14288 10724 Not Found: /favicon.ico
INFO 2024-04-11 09:11:44,152 basehttp 14288 10724 - Broken pipe from ('127.0.0.1', 60464)
INFO 2024-04-11 09:25:08,347 autoreload 16432 16420 Watching for file changes with StatReloader
INFO 2024-04-11 09:25:12,409 views 16432 13184 Index page requested.
INFO 2024-04-11 09:25:12,412 basehttp 16432 13184 "GET / HTTP/1.1" 200 208
WARNING 2024-04-11 09:25:12,688 log 16432 13184 Not Found: /favicon.ico
INFO 2024-04-11 09:25:12,689 basehttp 16432 13184 - Broken pipe from ('127.0.0.1', 60676)
INFO 2024-04-11 09:25:23,831 basehttp 16432 6864 "GET /admin HTTP/1.1" 301 0
INFO 2024-04-11 09:25:23,882 basehttp 16432 11612 "GET /admin/ HTTP/1.1" 302 0
INFO 2024-04-11 09:25:23,987 basehttp 16432 11612 "GET /admin/login/?next=/admin/ HTTP/1.1" 200 4359
INFO 2024-04-11 09:25:24,686 basehttp 16432 14952 "GET /static/admin/js/theme.js HTTP/1.1" 200 1943
INFO 2024-04-11 09:25:24,691 basehttp 16432 14952 "GET /static/admin/css/responsive.css HTTP/1.1" 200 17905
INFO 2024-04-11 09:25:24,703 basehttp 16432 16528 "GET /static/admin/css/dark_mode.css HTTP/1.1" 200 2682
INFO 2024-04-11 09:25:24,737 basehttp 16432 11612 "GET /static/admin/css/base.css HTTP/1.1" 200 21544
INFO 2024-04-11 09:25:24,817 basehttp 16432 16544 "GET /static/admin/css/login.css HTTP/1.1" 200 958
INFO 2024-04-11 09:25:24,926 basehttp 16432 15268 "GET /static/admin/js/nav_sidebar.js HTTP/1.1" 200 3063
INFO 2024-04-11 09:25:24,998 basehttp 16432 16492 "GET /static/admin/css/nav_sidebar.css HTTP/1.1" 200 2810
INFO 2024-04-11 09:28:46,929 autoreload 16892 16904 Watching for file changes with StatReloader
INFO 2024-04-11 09:29:06,576 basehttp 16892 7268 "GET /admin/ HTTP/1.1" 302 0
INFO 2024-04-11 09:29:06,621 basehttp 16892 7268 "GET /admin/login/?next=/admin/ HTTP/1.1" 200 4359
WARNING 2024-04-11 09:29:06,721 log 16892 7268 Not Found: /favicon.ico
INFO 2024-04-11 09:29:06,722 basehttp 16892 7268 - Broken pipe from ('127.0.0.1', 60721)
INFO 2024-04-11 09:29:27,486 basehttp 16892 7336 "POST /admin/login/?next=/admin/ HTTP/1.1" 302 0
INFO 2024-04-11 09:29:27,509 basehttp 16892 7336 "GET /admin/ HTTP/1.1" 200 5944
INFO 2024-04-11 09:29:27,696 basehttp 16892 7336 "GET /static/admin/css/dashboard.css HTTP/1.1" 200 441
INFO 2024-04-11 09:29:27,719 basehttp 16892 7336 "GET /static/admin/img/icon-addlink.svg HTTP/1.1" 200 331
INFO 2024-04-11 09:29:27,721 basehttp 16892 17212 "GET /static/admin/img/icon-changelink.svg HTTP/1.1" 200 380
INFO 2024-04-12 03:47:54,324 autoreload 14068 14444 Watching for file changes with StatReloader
INFO 2024-04-12 03:47:58,722 views 14068 13700 Index page requested.
INFO 2024-04-12 03:47:58,725 basehttp 14068 13700 "GET / HTTP/1.1" 200 208
WARNING 2024-04-12 03:47:58,934 log 14068 13700 Not Found: /favicon.ico
INFO 2024-04-12 03:47:58,938 basehttp 14068 13700 - Broken pipe from ('127.0.0.1', 52939)
INFO 2024-04-12 03:48:13,931 basehttp 14068 11884 "GET /admin/ HTTP/1.1" 200 7512
INFO 2024-04-12 03:48:14,002 basehttp 14068 11884 "GET /static/admin/css/base.css HTTP/1.1" 304 0
INFO 2024-04-12 03:48:14,006 basehttp 14068 2864 "GET /static/admin/css/dark_mode.css HTTP/1.1" 304 0
INFO 2024-04-12 03:48:14,007 basehttp 14068 8896 "GET /static/admin/css/dashboard.css HTTP/1.1" 304 0
INFO 2024-04-12 03:48:14,007 basehttp 14068 11884 "GET /static/admin/css/nav_sidebar.css HTTP/1.1" 304 0
INFO 2024-04-12 03:48:14,019 basehttp 14068 11884 "GET /static/admin/css/responsive.css HTTP/1.1" 304 0
INFO 2024-04-12 03:48:14,027 basehttp 14068 11884 "GET /static/admin/js/theme.js HTTP/1.1" 304 0
INFO 2024-04-12 03:48:14,028 basehttp 14068 2864 "GET /static/admin/js/nav_sidebar.js HTTP/1.1" 304 0
WARNING 2024-04-12 03:48:14,268 log 14068 2864 Not Found: /favicon.ico
INFO 2024-04-12 03:48:14,268 basehttp 14068 2864 - Broken pipe from ('127.0.0.1', 52944)
INFO 2024-04-12 03:48:14,289 basehttp 14068 11884 "GET /static/admin/img/icon-addlink.svg HTTP/1.1" 200 331
INFO 2024-04-12 03:48:14,293 basehttp 14068 8896 "GET /static/admin/img/icon-changelink.svg HTTP/1.1" 200 380
INFO 2024-04-12 03:49:45,014 autoreload 14068 14444 E:\3_SPEC-TION\3_Django_Homeworks\myproject\myapp2\admin.py changed, reloading.
INFO 2024-04-12 03:49:46,878 autoreload 13396 14748 Watching for file changes with StatReloader
INFO 2024-04-12 03:50:13,072 autoreload 13872 8544 Watching for file changes with StatReloader
INFO 2024-04-12 03:50:16,644 views 13872 2492 Index page requested.
INFO 2024-04-12 03:50:16,646 basehttp 13872 2492 "GET / HTTP/1.1" 200 208
WARNING 2024-04-12 03:50:16,787 log 13872 2492 Not Found: /favicon.ico
INFO 2024-04-12 03:50:16,788 basehttp 13872 2492 - Broken pipe from ('127.0.0.1', 52958)
INFO 2024-04-12 03:50:30,816 basehttp 13872 1164 "GET /admin/ HTTP/1.1" 200 5944
WARNING 2024-04-12 03:50:30,949 log 13872 1164 Not Found: /favicon.ico
INFO 2024-04-12 03:50:30,950 basehttp 13872 1164 - Broken pipe from ('127.0.0.1', 52962)
INFO 2024-04-12 04:11:01,523 autoreload 14320 13460 Watching for file changes with StatReloader
INFO 2024-04-12 04:11:05,067 views 14320 8152 Index page requested.
INFO 2024-04-12 04:11:05,070 basehttp 14320 8152 "GET / HTTP/1.1" 200 208
WARNING 2024-04-12 04:11:05,271 log 14320 8152 Not Found: /favicon.ico
INFO 2024-04-12 04:11:05,272 basehttp 14320 8152 - Broken pipe from ('127.0.0.1', 53194)
INFO 2024-04-12 04:11:19,627 basehttp 14320 11292 "GET /admin/ HTTP/1.1" 200 5944
INFO 2024-04-12 04:11:48,069 basehttp 14320 11292 "GET /admin/auth/user/ HTTP/1.1" 200 11912
INFO 2024-04-12 04:11:48,196 basehttp 14320 10864 "GET /admin/jsi18n/ HTTP/1.1" 200 17546
INFO 2024-04-12 04:11:48,551 basehttp 14320 11292 "GET /static/admin/css/changelists.css HTTP/1.1" 200 6811
INFO 2024-04-12 04:11:48,557 basehttp 14320 11292 "GET /static/admin/js/urlify.js HTTP/1.1" 200 7887
INFO 2024-04-12 04:11:48,563 basehttp 14320 11292 "GET /static/admin/js/prepopulate.js HTTP/1.1" 200 1531
INFO 2024-04-12 04:11:48,572 basehttp 14320 11292 "GET /static/admin/js/vendor/xregexp/xregexp.js HTTP/1.1" 200 325171
INFO 2024-04-12 04:11:48,581 basehttp 14320 11292 "GET /static/admin/js/filters.js HTTP/1.1" 200 978
INFO 2024-04-12 04:11:48,635 basehttp 14320 5152 "GET /static/admin/js/vendor/jquery/jquery.js HTTP/1.1" 200 285314
INFO 2024-04-12 04:11:48,730 basehttp 14320 6620 "GET /static/admin/js/admin/RelatedObjectLookups.js HTTP/1.1" 200 9042
INFO 2024-04-12 04:11:48,739 basehttp 14320 13880 "GET /static/admin/js/jquery.init.js HTTP/1.1" 200 347
INFO 2024-04-12 04:11:48,746 basehttp 14320 14528 "GET /static/admin/js/core.js HTTP/1.1" 200 6208
INFO 2024-04-12 04:11:48,782 basehttp 14320 10864 "GET /static/admin/js/actions.js HTTP/1.1" 200 8067
INFO 2024-04-12 04:11:48,785 basehttp 14320 11292 "GET /static/admin/img/search.svg HTTP/1.1" 200 458
INFO 2024-04-12 04:11:48,785 basehttp 14320 5152 "GET /static/admin/img/icon-yes.svg HTTP/1.1" 200 436
INFO 2024-04-12 04:11:48,819 basehttp 14320 11292 "GET /static/admin/img/tooltag-add.svg HTTP/1.1" 200 331
INFO 2024-04-12 04:11:48,824 basehttp 14320 5152 "GET /static/admin/img/sorting-icons.svg HTTP/1.1" 200 1097
INFO 2024-04-12 04:11:48,825 basehttp 14320 10864 "GET /static/admin/img/icon-viewlink.svg HTTP/1.1" 200 581
INFO 2024-04-12 04:35:18,764 autoreload 11988 6688 Watching for file changes with StatReloader
INFO 2024-04-12 04:35:21,711 views 11988 8092 Index page requested.
INFO 2024-04-12 04:35:21,712 basehttp 11988 8092 "GET / HTTP/1.1" 200 208
WARNING 2024-04-12 04:35:21,864 log 11988 8092 Not Found: /favicon.ico
INFO 2024-04-12 04:35:21,865 basehttp 11988 8092 - Broken pipe from ('127.0.0.1', 53498)
INFO 2024-04-12 04:35:39,002 basehttp 11988 14272 "GET /admin/ HTTP/1.1" 200 5944
INFO 2024-04-12 04:35:39,378 basehttp 11988 8088 - Broken pipe from ('127.0.0.1', 53503)
INFO 2024-04-12 04:35:39,381 basehttp 11988 14272 - Broken pipe from ('127.0.0.1', 53502)
INFO 2024-04-12 04:35:39,386 basehttp 11988 13648 - Broken pipe from ('127.0.0.1', 53504)
INFO 2024-04-12 04:35:43,791 basehttp 11988 10980 "GET /admin/auth/group/add/ HTTP/1.1" 200 12874
INFO 2024-04-12 04:35:43,876 basehttp 11988 3728 "GET /static/admin/js/SelectBox.js HTTP/1.1" 200 4530
INFO 2024-04-12 04:35:43,876 basehttp 11988 10980 "GET /static/admin/css/forms.css HTTP/1.1" 200 9090
INFO 2024-04-12 04:35:43,879 basehttp 11988 2384 "GET /static/admin/js/SelectFilter2.js HTTP/1.1" 200 15492
INFO 2024-04-12 04:35:43,883 basehttp 11988 8044 "GET /static/admin/js/change_form.js HTTP/1.1" 200 606
INFO 2024-04-12 04:35:43,884 basehttp 11988 15328 "GET /static/admin/js/prepopulate_init.js HTTP/1.1" 200 586
INFO 2024-04-12 04:35:43,884 basehttp 11988 14468 "GET /admin/jsi18n/ HTTP/1.1" 200 17546
INFO 2024-04-12 04:35:43,916 basehttp 11988 14468 "GET /static/admin/css/widgets.css HTTP/1.1" 200 11800
INFO 2024-04-12 04:35:44,001 basehttp 11988 14468 "GET /static/admin/img/icon-unknown.svg HTTP/1.1" 200 655
INFO 2024-04-12 04:35:44,001 basehttp 11988 2384 "GET /static/admin/img/selector-icons.svg HTTP/1.1" 200 3291
INFO 2024-04-12 04:35:44,001 basehttp 11988 10980 "GET /static/admin/img/icon-unknown-alt.svg HTTP/1.1" 200 655
INFO 2024-04-12 04:46:44,523 basehttp 11988 1372 "POST /admin/auth/group/add/ HTTP/1.1" 302 0
INFO 2024-04-12 04:46:44,564 basehttp 11988 1372 "GET /admin/auth/group/ HTTP/1.1" 200 9506
INFO 2024-04-12 04:46:44,650 basehttp 11988 1372 "GET /admin/jsi18n/ HTTP/1.1" 200 17546
WARNING 2024-04-12 04:46:44,748 log 11988 1372 Not Found: /favicon.ico
INFO 2024-04-12 04:46:44,749 basehttp 11988 1372 - Broken pipe from ('127.0.0.1', 53634)
INFO 2024-04-12 04:47:39,401 basehttp 11988 14512 "GET /admin/auth/group/add/ HTTP/1.1" 200 12874
INFO 2024-04-12 04:47:39,474 basehttp 11988 14512 "GET /admin/jsi18n/ HTTP/1.1" 200 17546
INFO 2024-04-12 04:55:25,515 basehttp 11988 7996 "GET /admin/auth/group/ HTTP/1.1" 200 9297
INFO 2024-04-12 04:55:25,580 basehttp 11988 7996 "GET /admin/jsi18n/ HTTP/1.1" 200 17546
WARNING 2024-04-12 04:55:25,645 log 11988 7996 Not Found: /favicon.ico
INFO 2024-04-12 04:55:25,646 basehttp 11988 7996 - Broken pipe from ('127.0.0.1', 53750)
INFO 2024-04-12 04:55:28,860 basehttp 11988 10680 "GET /admin/auth/group/1/change/ HTTP/1.1" 200 13115
INFO 2024-04-12 04:55:28,932 basehttp 11988 10680 "GET /admin/jsi18n/ HTTP/1.1" 200 17546
INFO 2024-04-12 04:57:52,242 basehttp 11988 14584 "POST /admin/auth/group/1/change/ HTTP/1.1" 302 0
INFO 2024-04-12 04:57:52,261 basehttp 11988 14584 "GET /admin/auth/group/ HTTP/1.1" 200 9511
INFO 2024-04-12 04:57:52,325 basehttp 11988 14584 "GET /admin/jsi18n/ HTTP/1.1" 200 17546
WARNING 2024-04-12 04:57:52,403 log 11988 14584 Not Found: /favicon.ico
INFO 2024-04-12 04:57:52,404 basehttp 11988 14584 - Broken pipe from ('127.0.0.1', 53770)
INFO 2024-04-12 04:57:59,874 basehttp 11988 13512 "GET /admin/auth/user/add/ HTTP/1.1" 200 11238
INFO 2024-04-12 04:57:59,944 basehttp 11988 13512 "GET /admin/jsi18n/ HTTP/1.1" 200 17546
INFO 2024-04-12 04:59:22,479 basehttp 11988 13512 "POST /admin/auth/user/add/ HTTP/1.1" 302 0
INFO 2024-04-12 04:59:22,530 basehttp 11988 13512 "GET /admin/auth/user/2/change/ HTTP/1.1" 200 23828
INFO 2024-04-12 04:59:22,622 basehttp 11988 13512 "GET /admin/jsi18n/ HTTP/1.1" 200 17546
INFO 2024-04-12 04:59:22,623 basehttp 11988 13572 "GET /static/admin/js/calendar.js HTTP/1.1" 200 9141
INFO 2024-04-12 04:59:22,624 basehttp 11988 10980 "GET /static/admin/js/admin/DateTimeShortcuts.js HTTP/1.1" 200 19319
WARNING 2024-04-12 04:59:22,705 log 11988 10980 Not Found: /favicon.ico
INFO 2024-04-12 04:59:22,708 basehttp 11988 10980 - Broken pipe from ('127.0.0.1', 53782)
INFO 2024-04-12 04:59:22,714 basehttp 11988 13512 "GET /static/admin/img/icon-clock.svg HTTP/1.1" 200 677
INFO 2024-04-12 04:59:22,715 basehttp 11988 13572 "GET /static/admin/img/icon-calendar.svg HTTP/1.1" 200 1086
INFO 2024-04-12 05:10:20,523 autoreload 15276 8832 Watching for file changes with StatReloader
INFO 2024-04-12 05:10:39,649 basehttp 15276 13564 "GET /admin/ HTTP/1.1" 200 8633
INFO 2024-04-12 05:14:00,939 basehttp 15276 13528 "POST /admin/logout/ HTTP/1.1" 200 3817
INFO 2024-04-12 05:14:04,270 basehttp 15276 13528 "GET /admin/ HTTP/1.1" 302 0
INFO 2024-04-12 05:14:04,311 basehttp 15276 13528 "GET /admin/login/?next=/admin/ HTTP/1.1" 200 4359
INFO 2024-04-12 05:14:04,371 basehttp 15276 13528 "GET /static/admin/css/login.css HTTP/1.1" 304 0
INFO 2024-04-12 05:14:28,138 basehttp 15276 13528 "POST /admin/login/?next=/admin/ HTTP/1.1" 200 4636
INFO 2024-04-12 05:14:37,298 basehttp 15276 13528 "POST /admin/login/?next=/admin/ HTTP/1.1" 200 4636
INFO 2024-04-12 05:15:26,117 basehttp 15276 13528 "POST /admin/login/?next=/admin/ HTTP/1.1" 200 4636
INFO 2024-04-12 05:15:36,383 basehttp 15276 13528 "POST /admin/login/?next=/admin/ HTTP/1.1" 200 4636
INFO 2024-04-12 05:15:55,939 basehttp 15276 13528 "POST /admin/login/?next=/admin/ HTTP/1.1" 302 0
INFO 2024-04-12 05:15:55,958 basehttp 15276 13528 "GET /admin/ HTTP/1.1" 200 8633
INFO 2024-04-12 05:16:00,580 basehttp 15276 13528 "GET /admin/auth/user/2/change/ HTTP/1.1" 200 24669
INFO 2024-04-12 05:16:00,658 basehttp 15276 13528 "GET /admin/jsi18n/ HTTP/1.1" 200 17546
INFO 2024-04-12 05:17:29,206 basehttp 15276 13528 "POST /admin/auth/user/2/change/ HTTP/1.1" 302 0
INFO 2024-04-12 05:17:29,249 basehttp 15276 13528 "GET /admin/auth/user/ HTTP/1.1" 200 14119
INFO 2024-04-12 05:17:29,319 basehttp 15276 13528 "GET /admin/jsi18n/ HTTP/1.1" 200 17546
WARNING 2024-04-12 05:17:29,423 log 15276 13528 Not Found: /favicon.ico
INFO 2024-04-12 05:17:29,424 basehttp 15276 13528 - Broken pipe from ('127.0.0.1', 53901)
INFO 2024-04-12 05:17:40,022 basehttp 15276 10776 "POST /admin/logout/ HTTP/1.1" 200 3817
INFO 2024-04-12 05:17:44,244 basehttp 15276 10776 "GET /admin/ HTTP/1.1" 302 0
INFO 2024-04-12 05:17:44,258 basehttp 15276 10776 "GET /admin/login/?next=/admin/ HTTP/1.1" 200 4359
INFO 2024-04-12 05:18:03,375 basehttp 15276 10776 "POST /admin/login/?next=/admin/ HTTP/1.1" 302 0
INFO 2024-04-12 05:18:03,392 basehttp 15276 10776 "GET /admin/ HTTP/1.1" 200 5438
INFO 2024-04-12 05:18:09,549 basehttp 15276 10776 "GET /admin/myapp2/client/ HTTP/1.1" 200 10124
INFO 2024-04-12 05:18:09,618 basehttp 15276 10776 "GET /admin/jsi18n/ HTTP/1.1" 200 17546
WARNING 2024-04-12 05:18:09,682 log 15276 10776 Not Found: /favicon.ico
INFO 2024-04-12 05:18:09,684 basehttp 15276 10776 - Broken pipe from ('127.0.0.1', 53935)
INFO 2024-04-12 05:19:17,338 basehttp 15276 8888 "GET /admin/myapp2/client/1/change/ HTTP/1.1" 200 10258
INFO 2024-04-12 05:19:17,405 basehttp 15276 8888 "GET /admin/jsi18n/ HTTP/1.1" 200 17546
WARNING 2024-04-12 05:19:17,492 log 15276 8888 Not Found: /favicon.ico
INFO 2024-04-12 05:19:17,492 basehttp 15276 8888 - Broken pipe from ('127.0.0.1', 53945)
INFO 2024-04-12 05:19:32,522 basehttp 15276 12888 "POST /admin/logout/ HTTP/1.1" 200 3817
INFO 2024-04-12 05:19:38,992 basehttp 15276 12888 "GET /admin/ HTTP/1.1" 302 0
INFO 2024-04-12 05:19:39,004 basehttp 15276 12888 "GET /admin/login/?next=/admin/ HTTP/1.1" 200 4359
INFO 2024-04-12 05:19:51,981 basehttp 15276 12888 "POST /admin/login/?next=/admin/ HTTP/1.1" 302 0
INFO 2024-04-12 05:19:52,003 basehttp 15276 12888 "GET /admin/ HTTP/1.1" 200 9014
INFO 2024-04-12 05:19:58,582 basehttp 15276 12888 "GET /admin/auth/user/2/change/ HTTP/1.1" 200 24735
INFO 2024-04-12 05:19:58,667 basehttp 15276 12888 "GET /admin/jsi18n/ HTTP/1.1" 200 17546
INFO 2024-04-12 05:20:04,862 basehttp 15276 12888 "GET /admin/myapp2/client/ HTTP/1.1" 200 11645
INFO 2024-04-12 05:20:04,929 basehttp 15276 12888 "GET /admin/jsi18n/ HTTP/1.1" 200 17546
INFO 2024-04-12 05:20:05,073 basehttp 15276 12888 - Broken pipe from ('127.0.0.1', 53949)
INFO 2024-04-12 05:20:12,063 basehttp 15276 11568 "GET /admin/auth/group/ HTTP/1.1" 200 10447
INFO 2024-04-12 05:20:12,137 basehttp 15276 11568 "GET /admin/jsi18n/ HTTP/1.1" 200 17546
INFO 2024-04-12 05:20:14,196 basehttp 15276 11568 "GET /admin/auth/group/1/change/ HTTP/1.1" 200 14267
INFO 2024-04-12 05:20:14,268 basehttp 15276 11568 "GET /admin/jsi18n/ HTTP/1.1" 200 17546
INFO 2024-04-12 05:20:28,257 basehttp 15276 11568 "POST /admin/auth/group/1/change/ HTTP/1.1" 302 0
INFO 2024-04-12 05:20:28,276 basehttp 15276 11568 "GET /admin/auth/group/ HTTP/1.1" 200 10659
INFO 2024-04-12 05:20:28,353 basehttp 15276 11568 "GET /admin/jsi18n/ HTTP/1.1" 200 17546
INFO 2024-04-12 05:22:27,046 autoreload 6716 2304 Watching for file changes with StatReloader
INFO 2024-04-12 05:23:01,044 basehttp 6716 8064 "GET /admin/auth/group/add/ HTTP/1.1" 200 14022
INFO 2024-04-12 05:23:01,138 basehttp 6716 8064 "GET /admin/jsi18n/ HTTP/1.1" 200 17546
WARNING 2024-04-12 05:23:01,258 log 6716 8064 Not Found: /favicon.ico
INFO 2024-04-12 05:23:01,259 basehttp 6716 8064 - Broken pipe from ('127.0.0.1', 54053)
INFO 2024-04-12 05:24:32,896 basehttp 6716 13912 "POST /admin/auth/group/add/ HTTP/1.1" 302 0
INFO 2024-04-12 05:24:32,936 basehttp 6716 13912 "GET /admin/auth/group/ HTTP/1.1" 200 10978
INFO 2024-04-12 05:24:33,028 basehttp 6716 13912 "GET /admin/jsi18n/ HTTP/1.1" 200 17546
INFO 2024-04-12 05:24:40,191 basehttp 6716 13912 "GET /admin/auth/group/add/ HTTP/1.1" 200 14022
INFO 2024-04-12 05:24:40,280 basehttp 6716 13912 "GET /admin/jsi18n/ HTTP/1.1" 200 17546
INFO 2024-04-12 05:25:40,029 basehttp 6716 13912 "POST /admin/auth/group/add/ HTTP/1.1" 302 0
INFO 2024-04-12 05:25:40,051 basehttp 6716 13912 "GET /admin/auth/group/ HTTP/1.1" 200 11306
INFO 2024-04-12 05:25:40,138 basehttp 6716 13912 "GET /admin/jsi18n/ HTTP/1.1" 200 17546
INFO 2024-04-12 05:25:50,499 basehttp 6716 13912 "GET /admin/auth/user/ HTTP/1.1" 200 14016
INFO 2024-04-12 05:25:50,602 basehttp 6716 13912 "GET /admin/jsi18n/ HTTP/1.1" 200 17546
INFO 2024-04-12 05:26:11,855 basehttp 6716 13912 "GET /admin/auth/user/add/ HTTP/1.1" 200 12386
INFO 2024-04-12 05:26:11,948 basehttp 6716 13912 "GET /admin/jsi18n/ HTTP/1.1" 200 17546
INFO 2024-04-12 05:26:58,430 basehttp 6716 13912 "POST /admin/auth/user/add/ HTTP/1.1" 200 12615
INFO 2024-04-12 05:26:58,501 basehttp 6716 13912 "GET /admin/jsi18n/ HTTP/1.1" 200 17546
INFO 2024-04-12 05:27:12,118 basehttp 6716 13912 "POST /admin/auth/user/add/ HTTP/1.1" 302 0
INFO 2024-04-12 05:27:12,165 basehttp 6716 13912 "GET /admin/auth/user/3/change/ HTTP/1.1" 200 25047
INFO 2024-04-12 05:27:12,250 basehttp 6716 13912 "GET /admin/jsi18n/ HTTP/1.1" 200 17546
INFO 2024-04-12 05:27:12,497 basehttp 6716 8004 - Broken pipe from ('127.0.0.1', 54088)
INFO 2024-04-12 05:27:12,499 basehttp 6716 2272 - Broken pipe from ('127.0.0.1', 54089)
INFO 2024-04-12 05:28:00,865 basehttp 6716 13912 "POST /admin/auth/user/3/change/ HTTP/1.1" 302 0
INFO 2024-04-12 05:28:00,890 basehttp 6716 13912 "GET /admin/auth/user/ HTTP/1.1" 200 14769
INFO 2024-04-12 05:28:00,982 basehttp 6716 13912 "GET /admin/jsi18n/ HTTP/1.1" 200 17546
INFO 2024-04-12 05:28:42,451 basehttp 6716 13912 "GET /admin/auth/user/add/ HTTP/1.1" 200 12386
INFO 2024-04-12 05:28:42,531 basehttp 6716 13912 "GET /admin/jsi18n/ HTTP/1.1" 200 17546
INFO 2024-04-12 05:29:23,914 basehttp 6716 13912 "POST /admin/auth/user/add/ HTTP/1.1" 302 0
INFO 2024-04-12 05:29:23,956 basehttp 6716 13912 "GET /admin/auth/user/4/change/ HTTP/1.1" 200 25057
INFO 2024-04-12 05:29:24,052 basehttp 6716 13912 "GET /admin/jsi18n/ HTTP/1.1" 200 17546
INFO 2024-04-12 05:29:57,441 basehttp 6716 13912 "POST /admin/auth/user/4/change/ HTTP/1.1" 302 0
INFO 2024-04-12 05:29:57,469 basehttp 6716 13912 "GET /admin/auth/user/ HTTP/1.1" 200 15298
INFO 2024-04-12 05:29:57,564 basehttp 6716 13912 "GET /admin/jsi18n/ HTTP/1.1" 200 17546
INFO 2024-04-12 05:31:42,500 autoreload 6716 2304 E:\3_SPEC-TION\3_Django_Homeworks\myproject\myapp2\admin.py changed, reloading.
INFO 2024-04-12 05:31:44,357 autoreload 4708 13368 Watching for file changes with StatReloader
INFO 2024-04-12 05:31:57,846 basehttp 4708 14640 "GET /admin/ HTTP/1.1" 200 11248
INFO 2024-04-12 05:32:09,211 basehttp 4708 14640 "POST /admin/logout/ HTTP/1.1" 200 3817
INFO 2024-04-12 05:32:13,278 basehttp 4708 14640 "GET /admin/ HTTP/1.1" 302 0
INFO 2024-04-12 05:32:13,303 basehttp 4708 14640 "GET /admin/login/?next=/admin/ HTTP/1.1" 200 4359
INFO 2024-04-12 05:32:38,846 basehttp 4708 14640 "POST /admin/login/?next=/admin/ HTTP/1.1" 302 0
INFO 2024-04-12 05:32:38,863 basehttp 4708 14640 "GET /admin/ HTTP/1.1" 200 5438
INFO 2024-04-12 05:32:47,760 basehttp 4708 14640 "GET /admin/myapp2/client/ HTTP/1.1" 200 8929
INFO 2024-04-12 05:33:30,537 basehttp 4708 14640 "POST /admin/logout/ HTTP/1.1" 200 3817
INFO 2024-04-12 05:33:33,650 basehttp 4708 14640 "GET /admin/ HTTP/1.1" 302 0
INFO 2024-04-12 05:33:33,666 basehttp 4708 14640 "GET /admin/login/?next=/admin/ HTTP/1.1" 200 4359
INFO 2024-04-12 05:33:55,895 basehttp 4708 14640 "POST /admin/login/?next=/admin/ HTTP/1.1" 302 0
INFO 2024-04-12 05:33:55,912 basehttp 4708 14640 "GET /admin/ HTTP/1.1" 200 5443
INFO 2024-04-12 05:33:59,804 basehttp 4708 14640 "GET /admin/myapp2/product/ HTTP/1.1" 200 16395
INFO 2024-04-12 05:33:59,893 basehttp 4708 14640 "GET /admin/jsi18n/ HTTP/1.1" 200 17546
INFO 2024-04-12 05:34:31,977 basehttp 4708 14640 "GET /admin/myapp2/product/2/change/ HTTP/1.1" 200 10596
INFO 2024-04-12 05:34:32,079 basehttp 4708 7900 "GET /admin/jsi18n/ HTTP/1.1" 200 17546
INFO 2024-04-12 05:34:32,204 basehttp 4708 14640 "GET /static/admin/js/collapse.js HTTP/1.1" 200 1803
INFO 2024-04-12 05:34:49,917 basehttp 4708 7900 "GET /admin/myapp2/product/ HTTP/1.1" 200 16395
INFO 2024-04-12 05:34:49,996 basehttp 4708 7900 "GET /admin/jsi18n/ HTTP/1.1" 200 17546
INFO 2024-04-12 05:34:56,044 basehttp 4708 14640 "POST /admin/logout/ HTTP/1.1" 200 3817
INFO 2024-04-12 05:35:00,035 basehttp 4708 7900 "GET /admin/ HTTP/1.1" 302 0
INFO 2024-04-12 05:35:00,049 basehttp 4708 14640 "GET /admin/login/?next=/admin/ HTTP/1.1" 200 4359
INFO 2024-04-12 05:35:12,716 basehttp 4708 7900 "POST /admin/login/?next=/admin/ HTTP/1.1" 302 0
INFO 2024-04-12 05:35:12,731 basehttp 4708 14640 "GET /admin/ HTTP/1.1" 200 5362
INFO 2024-04-12 05:35:15,593 basehttp 4708 7900 "GET /admin/myapp2/order/ HTTP/1.1" 200 13402
INFO 2024-04-12 05:35:15,666 basehttp 4708 7900 "GET /admin/jsi18n/ HTTP/1.1" 200 17546
INFO 2024-04-12 05:35:15,677 basehttp 4708 7900 "GET /static/admin/img/icon-no.svg HTTP/1.1" 200 560
INFO 2024-04-12 05:35:49,795 basehttp 4708 14640 "POST /admin/myapp2/order/ HTTP/1.1" 302 0
INFO 2024-04-12 05:35:49,822 basehttp 4708 7900 "GET /admin/myapp2/order/ HTTP/1.1" 200 13402
INFO 2024-04-12 05:35:49,900 basehttp 4708 7900 "GET /admin/jsi18n/ HTTP/1.1" 200 17546
INFO 2024-04-12 05:36:11,766 basehttp 4708 14640 "GET /admin/myapp2/order/ HTTP/1.1" 200 13402
INFO 2024-04-12 05:36:11,836 basehttp 4708 7900 "GET /admin/jsi18n/ HTTP/1.1" 200 17546
WARNING 2024-04-12 05:36:11,942 log 4708 7900 Not Found: /favicon.ico
INFO 2024-04-12 05:36:11,943 basehttp 4708 7900 - Broken pipe from ('127.0.0.1', 54154)
INFO 2024-04-12 05:36:16,591 basehttp 4708 14640 "POST /admin/logout/ HTTP/1.1" 200 3817
INFO 2024-04-12 05:36:24,483 basehttp 4708 14640 "GET /admin/ HTTP/1.1" 302 0
INFO 2024-04-12 05:36:24,494 basehttp 4708 14640 "GET /admin/login/?next=/admin/ HTTP/1.1" 200 4359
INFO 2024-04-12 05:36:36,544 basehttp 4708 14640 "POST /admin/login/?next=/admin/ HTTP/1.1" 302 0
INFO 2024-04-12 05:36:36,567 basehttp 4708 14640 "GET /admin/ HTTP/1.1" 200 11248
INFO 2024-04-12 05:36:41,608 basehttp 4708 14640 "GET /admin/myapp2/order/ HTTP/1.1" 200 15115
INFO 2024-04-12 05:36:41,690 basehttp 4708 14640 "GET /admin/jsi18n/ HTTP/1.1" 200 17546
INFO 2024-04-12 05:37:26,044 basehttp 4708 14640 "GET /admin/myapp2/order/4/change/ HTTP/1.1" 200 15335
INFO 2024-04-12 05:37:26,133 basehttp 4708 14640 "GET /admin/jsi18n/ HTTP/1.1" 200 17546
INFO 2024-04-12 05:37:31,449 basehttp 4708 14640 "POST /admin/myapp2/order/4/change/ HTTP/1.1" 302 0
INFO 2024-04-12 05:37:31,474 basehttp 4708 14640 "GET /admin/myapp2/order/ HTTP/1.1" 200 15381
INFO 2024-04-12 05:37:31,563 basehttp 4708 14640 "GET /admin/jsi18n/ HTTP/1.1" 200 17546
INFO 2024-04-12 05:37:43,810 basehttp 4708 14640 "POST /admin/logout/ HTTP/1.1" 200 3817
INFO 2024-04-12 05:43:58,152 autoreload 13564 14628 Watching for file changes with StatReloader
WARNING 2024-04-12 05:44:01,570 log 13564 14832 Not Found: /
WARNING 2024-04-12 05:44:01,572 basehttp 13564 14832 "GET / HTTP/1.1" 404 2272
WARNING 2024-04-12 05:44:01,696 log 13564 14832 Not Found: /favicon.ico
INFO 2024-04-12 05:44:01,697 basehttp 13564 14832 - Broken pipe from ('127.0.0.1', 54290)
INFO 2024-04-12 05:45:09,916 autoreload 6064 2864 Watching for file changes with StatReloader
INFO 2024-04-12 05:45:17,441 basehttp 6064 13336 "GET / HTTP/1.1" 200 531
WARNING 2024-04-12 05:45:17,521 log 6064 13336 Not Found: /favicon.ico
INFO 2024-04-12 05:45:17,522 basehttp 6064 13336 - Broken pipe from ('127.0.0.1', 54297)
INFO 2024-04-12 05:53:47,776 basehttp 6064 14488 "GET / HTTP/1.1" 200 551
WARNING 2024-04-12 05:53:47,862 log 6064 14488 Not Found: /favicon.ico
INFO 2024-04-12 05:53:47,863 basehttp 6064 14488 - Broken pipe from ('127.0.0.1', 54391)
INFO 2024-04-12 05:57:35,749 basehttp 6064 13812 "GET / HTTP/1.1" 200 603
WARNING 2024-04-12 05:57:35,829 log 6064 13812 Not Found: /favicon.ico
INFO 2024-04-12 05:57:35,830 basehttp 6064 13812 - Broken pipe from ('127.0.0.1', 54428)
INFO 2024-04-12 06:00:25,868 basehttp 6064 11464 "GET /admin/ HTTP/1.1" 302 0
INFO 2024-04-12 06:00:25,912 basehttp 6064 11464 "GET /admin/login/?next=/admin/ HTTP/1.1" 200 4359
INFO 2024-04-12 06:00:26,140 basehttp 6064 11464 - Broken pipe from ('127.0.0.1', 54447)
INFO 2024-04-12 06:01:25,146 basehttp 6064 9472 "GET / HTTP/1.1" 200 677
INFO 2024-04-12 06:01:34,111 basehttp 6064 9472 "GET /admin/ HTTP/1.1" 302 0
INFO 2024-04-12 06:01:34,137 basehttp 6064 9472 "GET /admin/login/?next=/admin/ HTTP/1.1" 200 4359
INFO 2024-04-14 05:57:48,729 autoreload 17920 17924 Watching for file changes with StatReloader
INFO 2024-04-14 05:57:53,101 views 17920 18036 Index page requested.
INFO 2024-04-14 05:57:53,102 basehttp 17920 18036 "GET / HTTP/1.1" 200 215
WARNING 2024-04-14 05:57:53,224 log 17920 18036 Not Found: /favicon.ico
INFO 2024-04-14 05:57:53,226 basehttp 17920 18036 - Broken pipe from ('127.0.0.1', 65102)
INFO 2024-04-14 05:58:06,182 views 17920 18336 About page requested.
INFO 2024-04-14 05:58:06,183 basehttp 17920 18336 "GET /about/ HTTP/1.1" 200 313
INFO 2024-04-14 05:58:20,143 basehttp 17920 18336 "GET /shop/ HTTP/1.1" 200 694
WARNING 2024-04-14 05:58:20,204 log 17920 18336 Not Found: /favicon.ico
INFO 2024-04-14 05:58:20,205 basehttp 17920 18336 - Broken pipe from ('127.0.0.1', 65106)
INFO 2024-04-14 05:59:04,131 basehttp 17920 16980 "GET /shop/products/ HTTP/1.1" 200 2974
WARNING 2024-04-14 05:59:04,189 log 17920 16980 Not Found: /favicon.ico
INFO 2024-04-14 05:59:04,190 basehttp 17920 16980 - Broken pipe from ('127.0.0.1', 65114)
